2020-03-12 10:19:04,377 INFO o.a.j.u.JMeterUtils: Setting Locale to en_EN
2020-03-12 10:19:04,408 INFO o.a.j.JMeter: Loading user properties from: /usr/local/Cellar/jmeter/5.2.1/libexec/bin/user.properties
2020-03-12 10:19:04,409 INFO o.a.j.JMeter: Loading system properties from: /usr/local/Cellar/jmeter/5.2.1/libexec/bin/system.properties
2020-03-12 10:19:04,411 INFO o.a.j.JMeter: Copyright (c) 1998-2019 The Apache Software Foundation
2020-03-12 10:19:04,411 INFO o.a.j.JMeter: Version 5.2.1
2020-03-12 10:19:04,411 INFO o.a.j.JMeter: java.version=13.0.2
2020-03-12 10:19:04,411 INFO o.a.j.JMeter: java.vm.name=OpenJDK 64-Bit Server VM
2020-03-12 10:19:04,411 INFO o.a.j.JMeter: os.name=Mac OS X
2020-03-12 10:19:04,411 INFO o.a.j.JMeter: os.arch=x86_64
2020-03-12 10:19:04,411 INFO o.a.j.JMeter: os.version=10.14.6
2020-03-12 10:19:04,411 INFO o.a.j.JMeter: file.encoding=UTF-8
2020-03-12 10:19:04,411 INFO o.a.j.JMeter: java.awt.headless=null
2020-03-12 10:19:04,411 INFO o.a.j.JMeter: Max memory     =1073741824
2020-03-12 10:19:04,411 INFO o.a.j.JMeter: Available Processors =8
2020-03-12 10:19:04,421 INFO o.a.j.JMeter: Default Locale=English (EN)
2020-03-12 10:19:04,422 INFO o.a.j.JMeter: JMeter  Locale=English (EN)
2020-03-12 10:19:04,422 INFO o.a.j.JMeter: JMeterHome=/usr/local/Cellar/jmeter/5.2.1/libexec
2020-03-12 10:19:04,422 INFO o.a.j.JMeter: user.dir  =/Users/vpatel/dev/jmeter-config
2020-03-12 10:19:04,422 INFO o.a.j.JMeter: PWD       =/Users/vpatel/dev/jmeter-config
2020-03-12 10:19:04,424 INFO o.a.j.JMeter: IP: 192.168.130.227 Name: UKOC02ZF28KLVDM FullName: 192.168.130.227
2020-03-12 10:19:06,431 INFO o.a.j.g.a.LookAndFeelCommand: Installing Darcula LAF
2020-03-12 10:19:06,443 INFO o.a.j.g.a.LookAndFeelCommand: Using look and feel: com.bulenkov.darcula.DarculaLaf [Darcula]
2020-03-12 10:19:06,457 INFO o.a.j.JMeter: Setting LAF to: com.bulenkov.darcula.DarculaLaf
2020-03-12 10:19:06,562 INFO o.a.j.JMeter: Loaded icon properties from org/apache/jmeter/images/icon.properties
2020-03-12 10:19:07,355 INFO o.j.r.JARSourceHTTP: Requesting https://jmeter-plugins.org/repo/?installID=mac_os_x-9281f23e4c25b6bfe3fc1977a568148f-gui
2020-03-12 10:19:08,954 INFO o.j.r.PluginManager: Plugins Status: [jpgc-plugins-manager=1.3, jmeter-core=5.2.1, jmeter-ftp=5.2.1, jmeter-http=5.2.1, jmeter-jdbc=5.2.1, jmeter-jms=5.2.1, jmeter-junit=5.2.1, jmeter-java=5.2.1, jmeter-ldap=5.2.1, jmeter-mail=5.2.1, jmeter-mongodb=5.2.1, jmeter-native=5.2.1, jmeter-tcp=5.2.1, jmeter-components=5.2.1]
2020-03-12 10:19:09,286 INFO o.a.j.p.h.s.HTTPSamplerBase: Parser for text/html is org.apache.jmeter.protocol.http.parser.LagartoBasedHtmlParser
2020-03-12 10:19:09,287 INFO o.a.j.p.h.s.HTTPSamplerBase: Parser for application/xhtml+xml is org.apache.jmeter.protocol.http.parser.LagartoBasedHtmlParser
2020-03-12 10:19:09,287 INFO o.a.j.p.h.s.HTTPSamplerBase: Parser for application/xml is org.apache.jmeter.protocol.http.parser.LagartoBasedHtmlParser
2020-03-12 10:19:09,287 INFO o.a.j.p.h.s.HTTPSamplerBase: Parser for text/xml is org.apache.jmeter.protocol.http.parser.LagartoBasedHtmlParser
2020-03-12 10:19:09,288 INFO o.a.j.p.h.s.HTTPSamplerBase: Parser for text/vnd.wap.wml is org.apache.jmeter.protocol.http.parser.RegexpHTMLParser
2020-03-12 10:19:09,288 INFO o.a.j.p.h.s.HTTPSamplerBase: Parser for text/css is org.apache.jmeter.protocol.http.parser.CssParser
2020-03-12 10:19:09,618 INFO o.a.j.e.KeyToolUtils: keytool found at 'keytool'
2020-03-12 10:19:09,619 INFO o.a.j.p.h.p.ProxyControl: HTTP(S) Test Script Recorder SSL Proxy will use keys that support embedded 3rd party resources in file /usr/local/Cellar/jmeter/5.2.1/libexec/bin/proxyserver.jks
2020-03-12 10:19:09,753 INFO o.a.j.s.FileServer: Default base='/Users/vpatel/dev/jmeter-config'
2020-03-12 10:19:10,071 INFO o.a.j.s.SampleResult: Note: Sample TimeStamps are START times
2020-03-12 10:19:10,071 INFO o.a.j.s.SampleResult: sampleresult.default.encoding is set to ISO-8859-1
2020-03-12 10:19:10,071 INFO o.a.j.s.SampleResult: sampleresult.useNanoTime=true
2020-03-12 10:19:10,072 INFO o.a.j.s.SampleResult: sampleresult.nanoThreadSleep=5000
2020-03-12 10:19:10,094 INFO o.a.j.v.ViewResultsFullVisualizer: Add JavaFX to your Java installation if you want to use renderer: org.apache.jmeter.visualizers.RenderInBrowser
2020-03-12 10:19:15,294 INFO o.a.j.g.a.Load: Loading file: /Users/vpatel/dev/jmeter-config/ows-tests.jmx
2020-03-12 10:19:15,295 INFO o.a.j.s.FileServer: Set new base='/Users/vpatel/dev/jmeter-config'
2020-03-12 10:19:15,413 INFO o.a.j.s.SaveService: Testplan (JMX) version: 2.2. Testlog (JTL) version: 2.2
2020-03-12 10:19:15,419 INFO o.a.j.s.SaveService: Using SaveService properties version 5.0
2020-03-12 10:19:15,421 INFO o.a.j.s.SaveService: Using SaveService properties file encoding UTF-8
2020-03-12 10:19:15,422 INFO o.a.j.s.SaveService: Loading file: /Users/vpatel/dev/jmeter-config/ows-tests.jmx
2020-03-12 10:19:15,675 INFO o.a.j.v.ViewResultsFullVisualizer: Add JavaFX to your Java installation if you want to use renderer: org.apache.jmeter.visualizers.RenderInBrowser
2020-03-12 10:19:15,722 INFO o.a.j.s.FileServer: Set new base='/Users/vpatel/dev/jmeter-config'
2020-03-12 10:20:16,844 INFO o.a.j.e.StandardJMeterEngine: Running the test!
2020-03-12 10:20:16,845 INFO o.a.j.s.SampleEvent: List of sample_variables: []
2020-03-12 10:20:16,845 INFO o.a.j.s.SampleEvent: List of sample_variables: []
2020-03-12 10:20:16,848 INFO o.a.j.e.u.CompoundVariable: Note: Function class names must contain the string: '.functions.'
2020-03-12 10:20:16,849 INFO o.a.j.e.u.CompoundVariable: Note: Function class names must not contain the string: '.gui.'
2020-03-12 10:20:17,056 INFO o.a.j.g.u.JMeterMenuBar: setRunning(true, *local*)
2020-03-12 10:20:17,100 INFO o.a.j.e.StandardJMeterEngine: Starting ThreadGroup: 1 : Thread Group
2020-03-12 10:20:17,100 INFO o.a.j.e.StandardJMeterEngine: Starting 3 threads for group Thread Group.
2020-03-12 10:20:17,100 INFO o.a.j.e.StandardJMeterEngine: Thread will continue on error
2020-03-12 10:20:17,100 INFO o.a.j.t.ThreadGroup: Starting thread group... number=1 threads=3 ramp-up=10 delayedStart=false
2020-03-12 10:20:17,109 INFO o.a.j.t.JMeterThread: Thread started: Thread Group 1-1
2020-03-12 10:20:17,110 INFO o.a.j.t.ThreadGroup: Started thread group number 1
2020-03-12 10:20:17,110 INFO o.a.j.e.StandardJMeterEngine: All thread groups have been started
2020-03-12 10:20:17,117 INFO o.a.j.p.h.s.HTTPHCAbstractImpl: Local host = UKOC02ZF28KLVDM
2020-03-12 10:20:17,122 INFO o.a.j.p.h.s.HTTPHC4Impl: HTTP request retry count = 0
2020-03-12 10:20:17,374 INFO o.a.j.p.h.s.h.LazyLayeredConnectionSocketFactory: Setting up HTTPS TrustAll Socket Factory
2020-03-12 10:20:17,375 INFO o.a.j.u.JsseSSLManager: Using default SSL protocol: TLS
2020-03-12 10:20:17,376 INFO o.a.j.u.JsseSSLManager: SSL session context: per-thread
2020-03-12 10:20:17,498 INFO o.a.j.u.SSLManager: JmeterKeyStore Location:  type JKS
2020-03-12 10:20:17,499 INFO o.a.j.u.SSLManager: KeyStore created OK
2020-03-12 10:20:17,499 WARN o.a.j.u.SSLManager: Keystore file not found, loading empty keystore
2020-03-12 10:20:20,444 INFO o.a.j.t.JMeterThread: Thread started: Thread Group 1-2
2020-03-12 10:20:23,769 INFO o.a.j.t.JMeterThread: Thread started: Thread Group 1-3
2020-03-12 10:20:31,459 INFO o.a.j.r.Summariser: Generate Summary Results +     16 in 00:00:14 =    1.1/s Avg:  1826 Min:   484 Max:  3738 Err:     0 (0.00%) Active: 3 Started: 3 Finished: 0
2020-03-12 10:20:56,156 INFO o.a.j.g.a.Start: Stopping test
2020-03-12 10:20:56,173 INFO o.a.j.t.JMeterThread: Stopping: Thread Group 1-3
2020-03-12 10:20:56,174 WARN o.a.j.t.JMeterThread: Interrupting: Thread Group 1-3 sampler: top-countries-streams
2020-03-12 10:20:56,178 INFO o.a.j.t.JMeterThread: Stopping: Thread Group 1-1
2020-03-12 10:20:56,178 WARN o.a.j.t.JMeterThread: Interrupting: Thread Group 1-1 sampler: top-sound-recordings
2020-03-12 10:20:56,179 INFO o.a.j.t.JMeterThread: Stopping: Thread Group 1-2
2020-03-12 10:20:56,179 WARN o.a.j.t.JMeterThread: Interrupting: Thread Group 1-2 sampler: recent-placements
2020-03-12 10:20:56,180 INFO o.a.j.t.JMeterThread: Thread finished: Thread Group 1-1
2020-03-12 10:20:56,180 INFO o.a.j.t.JMeterThread: Thread finished: Thread Group 1-3
2020-03-12 10:20:56,181 INFO o.a.j.t.JMeterThread: Thread finished: Thread Group 1-2
2020-03-12 10:20:56,181 INFO o.a.j.e.StandardJMeterEngine: Notifying test listeners of end of test
2020-03-12 10:20:56,182 INFO o.a.j.r.Summariser: Generate Summary Results +    105 in 00:00:25 =    4.2/s Avg:   741 Min:   122 Max:  2767 Err:     3 (2.86%) Active: 0 Started: 3 Finished: 3
2020-03-12 10:20:56,182 INFO o.a.j.r.Summariser: Generate Summary Results =    121 in 00:00:39 =    3.1/s Avg:   884 Min:   122 Max:  3738 Err:     3 (2.48%)
2020-03-12 10:20:56,182 INFO o.a.j.g.u.JMeterMenuBar: setRunning(false, *local*)
2020-03-12 10:20:59,529 INFO o.a.j.e.StandardJMeterEngine: Running the test!
2020-03-12 10:20:59,529 INFO o.a.j.s.SampleEvent: List of sample_variables: []
2020-03-12 10:20:59,532 INFO o.a.j.g.u.JMeterMenuBar: setRunning(true, *local*)
2020-03-12 10:20:59,580 INFO o.a.j.e.StandardJMeterEngine: Starting ThreadGroup: 1 : Thread Group
2020-03-12 10:20:59,580 INFO o.a.j.e.StandardJMeterEngine: Starting 3 threads for group Thread Group.
2020-03-12 10:20:59,580 INFO o.a.j.e.StandardJMeterEngine: Thread will continue on error
2020-03-12 10:20:59,580 INFO o.a.j.t.ThreadGroup: Starting thread group... number=1 threads=3 ramp-up=10 delayedStart=false
2020-03-12 10:20:59,582 INFO o.a.j.t.JMeterThread: Thread started: Thread Group 1-1
2020-03-12 10:20:59,583 INFO o.a.j.t.ThreadGroup: Started thread group number 1
2020-03-12 10:20:59,583 INFO o.a.j.e.StandardJMeterEngine: All thread groups have been started
2020-03-12 10:21:00,006 INFO o.a.j.r.Summariser: Generate Summary Results +      1 in 00:00:00 =    2.1/s Avg:   421 Min:   421 Max:   421 Err:     0 (0.00%) Active: 1 Started: 1 Finished: 0
2020-03-12 10:21:02,921 INFO o.a.j.t.JMeterThread: Thread started: Thread Group 1-2
2020-03-12 10:21:06,253 INFO o.a.j.t.JMeterThread: Thread started: Thread Group 1-3
2020-03-12 10:21:30,022 INFO o.a.j.r.Summariser: Generate Summary Results +    158 in 00:00:30 =    5.3/s Avg:   504 Min:   118 Max:  1781 Err:     0 (0.00%) Active: 3 Started: 3 Finished: 0
2020-03-12 10:21:30,023 INFO o.a.j.r.Summariser: Generate Summary Results =    159 in 00:00:30 =    5.2/s Avg:   503 Min:   118 Max:  1781 Err:     0 (0.00%)
2020-03-12 10:22:00,003 INFO o.a.j.r.Summariser: Generate Summary Results +    167 in 00:00:30 =    5.6/s Avg:   539 Min:   117 Max:  2343 Err:     0 (0.00%) Active: 3 Started: 3 Finished: 0
2020-03-12 10:22:00,004 INFO o.a.j.r.Summariser: Generate Summary Results =    326 in 00:01:00 =    5.4/s Avg:   522 Min:   117 Max:  2343 Err:     0 (0.00%)
2020-03-12 10:22:30,004 INFO o.a.j.r.Summariser: Generate Summary Results +    183 in 00:00:30 =    6.1/s Avg:   491 Min:   106 Max:  1460 Err:     0 (0.00%) Active: 3 Started: 3 Finished: 0
2020-03-12 10:22:30,005 INFO o.a.j.r.Summariser: Generate Summary Results =    509 in 00:01:30 =    5.6/s Avg:   511 Min:   106 Max:  2343 Err:     0 (0.00%)
2020-03-12 10:23:00,029 INFO o.a.j.r.Summariser: Generate Summary Results +    143 in 00:00:30 =    4.8/s Avg:   629 Min:   103 Max:  2663 Err:     0 (0.00%) Active: 3 Started: 3 Finished: 0
2020-03-12 10:23:00,030 INFO o.a.j.r.Summariser: Generate Summary Results =    652 in 00:02:00 =    5.4/s Avg:   537 Min:   103 Max:  2663 Err:     0 (0.00%)
2020-03-12 10:23:30,200 INFO o.a.j.r.Summariser: Generate Summary Results +    154 in 00:00:30 =    5.1/s Avg:   584 Min:   102 Max:  1860 Err:     0 (0.00%) Active: 3 Started: 3 Finished: 0
2020-03-12 10:23:30,201 INFO o.a.j.r.Summariser: Generate Summary Results =    806 in 00:02:31 =    5.3/s Avg:   546 Min:   102 Max:  2663 Err:     0 (0.00%)
2020-03-12 10:24:00,230 INFO o.a.j.r.Summariser: Generate Summary Results +    179 in 00:00:30 =    6.0/s Avg:   499 Min:    99 Max:  1536 Err:     0 (0.00%) Active: 3 Started: 3 Finished: 0
2020-03-12 10:24:00,230 INFO o.a.j.r.Summariser: Generate Summary Results =    985 in 00:03:01 =    5.5/s Avg:   537 Min:    99 Max:  2663 Err:     0 (0.00%)
2020-03-12 10:24:30,006 INFO o.a.j.r.Summariser: Generate Summary Results +    182 in 00:00:30 =    6.1/s Avg:   496 Min:    98 Max:  2813 Err:     0 (0.00%) Active: 3 Started: 3 Finished: 0
2020-03-12 10:24:30,006 INFO o.a.j.r.Summariser: Generate Summary Results =   1167 in 00:03:30 =    5.5/s Avg:   531 Min:    98 Max:  2813 Err:     0 (0.00%)
2020-03-12 10:25:00,101 INFO o.a.j.r.Summariser: Generate Summary Results +    176 in 00:00:30 =    5.8/s Avg:   512 Min:   113 Max:  2318 Err:     0 (0.00%) Active: 3 Started: 3 Finished: 0
2020-03-12 10:25:00,101 INFO o.a.j.r.Summariser: Generate Summary Results =   1343 in 00:04:01 =    5.6/s Avg:   528 Min:    98 Max:  2813 Err:     0 (0.00%)
2020-03-12 10:25:30,017 INFO o.a.j.r.Summariser: Generate Summary Results +    173 in 00:00:30 =    5.8/s Avg:   521 Min:   105 Max:  2282 Err:     0 (0.00%) Active: 3 Started: 3 Finished: 0
2020-03-12 10:25:30,017 INFO o.a.j.r.Summariser: Generate Summary Results =   1516 in 00:04:30 =    5.6/s Avg:   528 Min:    98 Max:  2813 Err:     0 (0.00%)
2020-03-12 10:26:00,240 INFO o.a.j.r.Summariser: Generate Summary Results +    167 in 00:00:30 =    5.5/s Avg:   540 Min:   118 Max:  1868 Err:     0 (0.00%) Active: 3 Started: 3 Finished: 0
2020-03-12 10:26:00,241 INFO o.a.j.r.Summariser: Generate Summary Results =   1683 in 00:05:01 =    5.6/s Avg:   529 Min:    98 Max:  2813 Err:     0 (0.00%)
2020-03-12 10:26:30,014 INFO o.a.j.r.Summariser: Generate Summary Results +    168 in 00:00:30 =    5.6/s Avg:   523 Min:   101 Max:  2245 Err:     0 (0.00%) Active: 3 Started: 3 Finished: 0
2020-03-12 10:26:30,014 INFO o.a.j.r.Summariser: Generate Summary Results =   1851 in 00:05:30 =    5.6/s Avg:   528 Min:    98 Max:  2813 Err:     0 (0.00%)
2020-03-12 10:27:00,119 INFO o.a.j.r.Summariser: Generate Summary Results +    169 in 00:00:30 =    5.6/s Avg:   535 Min:    99 Max:  1711 Err:     0 (0.00%) Active: 3 Started: 3 Finished: 0
2020-03-12 10:27:00,120 INFO o.a.j.r.Summariser: Generate Summary Results =   2020 in 00:06:01 =    5.6/s Avg:   529 Min:    98 Max:  2813 Err:     0 (0.00%)
2020-03-12 10:27:30,125 INFO o.a.j.r.Summariser: Generate Summary Results +    188 in 00:00:30 =    6.3/s Avg:   482 Min:   104 Max:  1600 Err:     0 (0.00%) Active: 3 Started: 3 Finished: 0
2020-03-12 10:27:30,125 INFO o.a.j.r.Summariser: Generate Summary Results =   2208 in 00:06:31 =    5.7/s Avg:   525 Min:    98 Max:  2813 Err:     0 (0.00%)
2020-03-12 10:28:00,097 INFO o.a.j.r.Summariser: Generate Summary Results +    169 in 00:00:30 =    5.6/s Avg:   533 Min:   101 Max:  2173 Err:     0 (0.00%) Active: 3 Started: 3 Finished: 0
2020-03-12 10:28:00,097 INFO o.a.j.r.Summariser: Generate Summary Results =   2377 in 00:07:01 =    5.7/s Avg:   525 Min:    98 Max:  2813 Err:     0 (0.00%)
2020-03-12 10:28:30,046 INFO o.a.j.r.Summariser: Generate Summary Results +    188 in 00:00:30 =    6.3/s Avg:   477 Min:   102 Max:  1543 Err:     0 (0.00%) Active: 3 Started: 3 Finished: 0
2020-03-12 10:28:30,046 INFO o.a.j.r.Summariser: Generate Summary Results =   2565 in 00:07:31 =    5.7/s Avg:   522 Min:    98 Max:  2813 Err:     0 (0.00%)
2020-03-12 10:29:00,012 INFO o.a.j.r.Summariser: Generate Summary Results +    185 in 00:00:30 =    6.2/s Avg:   483 Min:   120 Max:  1487 Err:     0 (0.00%) Active: 3 Started: 3 Finished: 0
2020-03-12 10:29:00,012 INFO o.a.j.r.Summariser: Generate Summary Results =   2750 in 00:08:00 =    5.7/s Avg:   519 Min:    98 Max:  2813 Err:     0 (0.00%)
2020-03-12 10:29:30,112 INFO o.a.j.r.Summariser: Generate Summary Results +    185 in 00:00:30 =    6.1/s Avg:   491 Min:   119 Max:  1614 Err:     0 (0.00%) Active: 3 Started: 3 Finished: 0
2020-03-12 10:29:30,113 INFO o.a.j.r.Summariser: Generate Summary Results =   2935 in 00:08:31 =    5.7/s Avg:   517 Min:    98 Max:  2813 Err:     0 (0.00%)
2020-03-12 10:30:00,065 INFO o.a.j.r.Summariser: Generate Summary Results +    186 in 00:00:30 =    6.2/s Avg:   483 Min:    99 Max:  1532 Err:     0 (0.00%) Active: 3 Started: 3 Finished: 0
2020-03-12 10:30:00,065 INFO o.a.j.r.Summariser: Generate Summary Results =   3121 in 00:09:01 =    5.8/s Avg:   515 Min:    98 Max:  2813 Err:     0 (0.00%)
2020-03-12 10:30:30,086 INFO o.a.j.r.Summariser: Generate Summary Results +    174 in 00:00:30 =    5.8/s Avg:   512 Min:   106 Max:  1959 Err:     0 (0.00%) Active: 3 Started: 3 Finished: 0
2020-03-12 10:30:30,086 INFO o.a.j.r.Summariser: Generate Summary Results =   3295 in 00:09:31 =    5.8/s Avg:   515 Min:    98 Max:  2813 Err:     0 (0.00%)
2020-03-12 10:30:56,813 INFO o.a.j.g.a.Start: Shutting test down
2020-03-12 10:30:56,831 INFO o.a.j.t.JMeterThread: Stopping: Thread Group 1-2
2020-03-12 10:30:56,831 INFO o.a.j.t.JMeterThread: Stopping: Thread Group 1-1
2020-03-12 10:30:56,832 INFO o.a.j.t.JMeterThread: Stopping: Thread Group 1-3
2020-03-12 10:30:57,120 INFO o.a.j.t.JMeterThread: Thread finished: Thread Group 1-3
2020-03-12 10:30:57,413 INFO o.a.j.t.JMeterThread: Thread finished: Thread Group 1-2
2020-03-12 10:30:58,079 INFO o.a.j.t.JMeterThread: Thread finished: Thread Group 1-1
2020-03-12 10:30:58,079 INFO o.a.j.e.StandardJMeterEngine: Notifying test listeners of end of test
2020-03-12 10:30:58,080 INFO o.a.j.r.Summariser: Generate Summary Results +    166 in 00:00:28 =    5.9/s Avg:   502 Min:   119 Max:  1703 Err:     0 (0.00%) Active: 0 Started: 3 Finished: 3
2020-03-12 10:30:58,080 INFO o.a.j.r.Summariser: Generate Summary Results =   3461 in 00:09:59 =    5.8/s Avg:   515 Min:    98 Max:  2813 Err:     0 (0.00%)
2020-03-12 10:30:58,080 INFO o.a.j.g.u.JMeterMenuBar: setRunning(false, *local*)
2020-03-12 10:31:40,546 INFO o.a.j.e.StandardJMeterEngine: Running the test!
2020-03-12 10:31:40,547 INFO o.a.j.s.SampleEvent: List of sample_variables: []
2020-03-12 10:31:40,549 INFO o.a.j.g.u.JMeterMenuBar: setRunning(true, *local*)
2020-03-12 10:31:40,602 INFO o.a.j.e.StandardJMeterEngine: Starting ThreadGroup: 1 : Thread Group
2020-03-12 10:31:40,603 INFO o.a.j.e.StandardJMeterEngine: Starting 30 threads for group Thread Group.
2020-03-12 10:31:40,603 INFO o.a.j.e.StandardJMeterEngine: Thread will continue on error
2020-03-12 10:31:40,603 INFO o.a.j.t.ThreadGroup: Starting thread group... number=1 threads=30 ramp-up=10 delayedStart=false
2020-03-12 10:31:40,604 INFO o.a.j.t.JMeterThread: Thread started: Thread Group 1-1
2020-03-12 10:31:40,618 INFO o.a.j.t.ThreadGroup: Started thread group number 1
2020-03-12 10:31:40,618 INFO o.a.j.e.StandardJMeterEngine: All thread groups have been started
2020-03-12 10:31:40,937 INFO o.a.j.t.JMeterThread: Thread started: Thread Group 1-2
2020-03-12 10:31:41,273 INFO o.a.j.t.JMeterThread: Thread started: Thread Group 1-3
2020-03-12 10:31:41,605 INFO o.a.j.t.JMeterThread: Thread started: Thread Group 1-4
2020-03-12 10:31:41,938 INFO o.a.j.t.JMeterThread: Thread started: Thread Group 1-5
2020-03-12 10:31:42,271 INFO o.a.j.t.JMeterThread: Thread started: Thread Group 1-6
2020-03-12 10:31:42,605 INFO o.a.j.t.JMeterThread: Thread started: Thread Group 1-7
2020-03-12 10:31:42,936 INFO o.a.j.t.JMeterThread: Thread started: Thread Group 1-8
2020-03-12 10:31:43,268 INFO o.a.j.t.JMeterThread: Thread started: Thread Group 1-9
2020-03-12 10:31:43,603 INFO o.a.j.t.JMeterThread: Thread started: Thread Group 1-10
2020-03-12 10:31:43,939 INFO o.a.j.t.JMeterThread: Thread started: Thread Group 1-11
2020-03-12 10:31:44,269 INFO o.a.j.t.JMeterThread: Thread started: Thread Group 1-12
2020-03-12 10:31:44,601 INFO o.a.j.t.JMeterThread: Thread started: Thread Group 1-13
2020-03-12 10:31:44,933 INFO o.a.j.t.JMeterThread: Thread started: Thread Group 1-14
2020-03-12 10:31:45,270 INFO o.a.j.t.JMeterThread: Thread started: Thread Group 1-15
2020-03-12 10:31:45,599 INFO o.a.j.t.JMeterThread: Thread started: Thread Group 1-16
2020-03-12 10:31:45,934 INFO o.a.j.t.JMeterThread: Thread started: Thread Group 1-17
2020-03-12 10:31:46,268 INFO o.a.j.t.JMeterThread: Thread started: Thread Group 1-18
2020-03-12 10:31:46,599 INFO o.a.j.t.JMeterThread: Thread started: Thread Group 1-19
2020-03-12 10:31:46,930 INFO o.a.j.t.JMeterThread: Thread started: Thread Group 1-20
2020-03-12 10:31:47,268 INFO o.a.j.t.JMeterThread: Thread started: Thread Group 1-21
2020-03-12 10:31:47,597 INFO o.a.j.t.JMeterThread: Thread started: Thread Group 1-22
2020-03-12 10:31:47,932 INFO o.a.j.t.JMeterThread: Thread started: Thread Group 1-23
2020-03-12 10:31:48,268 INFO o.a.j.t.JMeterThread: Thread started: Thread Group 1-24
2020-03-12 10:31:48,597 INFO o.a.j.t.JMeterThread: Thread started: Thread Group 1-25
2020-03-12 10:31:48,933 INFO o.a.j.t.JMeterThread: Thread started: Thread Group 1-26
2020-03-12 10:31:49,262 INFO o.a.j.t.JMeterThread: Thread started: Thread Group 1-27
2020-03-12 10:31:49,596 INFO o.a.j.t.JMeterThread: Thread started: Thread Group 1-28
2020-03-12 10:31:49,928 INFO o.a.j.t.JMeterThread: Thread started: Thread Group 1-29
2020-03-12 10:31:50,263 INFO o.a.j.t.JMeterThread: Thread started: Thread Group 1-30
2020-03-12 10:32:00,013 INFO o.a.j.r.Summariser: Generate Summary Results +    699 in 00:00:19 =   35.9/s Avg:   609 Min:   117 Max:  3626 Err:     0 (0.00%) Active: 30 Started: 30 Finished: 0
2020-03-12 10:32:30,004 INFO o.a.j.r.Summariser: Generate Summary Results +   1357 in 00:00:30 =   45.2/s Avg:   663 Min:    99 Max:  3469 Err:     0 (0.00%) Active: 30 Started: 30 Finished: 0
2020-03-12 10:32:30,005 INFO o.a.j.r.Summariser: Generate Summary Results =   2056 in 00:00:49 =   41.6/s Avg:   644 Min:    99 Max:  3626 Err:     0 (0.00%)
2020-03-12 10:33:00,051 INFO o.a.j.r.Summariser: Generate Summary Results +   1456 in 00:00:30 =   48.5/s Avg:   617 Min:   100 Max:  2534 Err:     0 (0.00%) Active: 30 Started: 30 Finished: 0
2020-03-12 10:33:00,051 INFO o.a.j.r.Summariser: Generate Summary Results =   3512 in 00:01:20 =   44.2/s Avg:   633 Min:    99 Max:  3626 Err:     0 (0.00%)
2020-03-12 10:33:30,027 INFO o.a.j.r.Summariser: Generate Summary Results +   1353 in 00:00:30 =   45.1/s Avg:   663 Min:   117 Max:  3008 Err:     0 (0.00%) Active: 30 Started: 30 Finished: 0
2020-03-12 10:33:30,028 INFO o.a.j.r.Summariser: Generate Summary Results =   4865 in 00:01:49 =   44.4/s Avg:   641 Min:    99 Max:  3626 Err:     0 (0.00%)
2020-03-12 10:34:00,076 INFO o.a.j.r.Summariser: Generate Summary Results +   1468 in 00:00:30 =   48.9/s Avg:   614 Min:    98 Max:  3435 Err:     0 (0.00%) Active: 30 Started: 30 Finished: 0
2020-03-12 10:34:00,077 INFO o.a.j.r.Summariser: Generate Summary Results =   6333 in 00:02:20 =   45.4/s Avg:   635 Min:    98 Max:  3626 Err:     0 (0.00%)
2020-03-12 10:34:30,022 INFO o.a.j.r.Summariser: Generate Summary Results +   1413 in 00:00:30 =   47.2/s Avg:   635 Min:    99 Max:  3588 Err:     0 (0.00%) Active: 30 Started: 30 Finished: 0
2020-03-12 10:34:30,022 INFO o.a.j.r.Summariser: Generate Summary Results =   7746 in 00:02:49 =   45.7/s Avg:   635 Min:    98 Max:  3626 Err:     0 (0.00%)
2020-03-12 10:35:00,023 INFO o.a.j.r.Summariser: Generate Summary Results +   1396 in 00:00:30 =   46.5/s Avg:   643 Min:   110 Max:  3555 Err:     0 (0.00%) Active: 30 Started: 30 Finished: 0
2020-03-12 10:35:00,024 INFO o.a.j.r.Summariser: Generate Summary Results =   9142 in 00:03:19 =   45.8/s Avg:   636 Min:    98 Max:  3626 Err:     0 (0.00%)
2020-03-12 10:35:30,003 INFO o.a.j.r.Summariser: Generate Summary Results +   1376 in 00:00:30 =   45.9/s Avg:   655 Min:   102 Max:  3516 Err:     0 (0.00%) Active: 30 Started: 30 Finished: 0
2020-03-12 10:35:30,003 INFO o.a.j.r.Summariser: Generate Summary Results =  10518 in 00:03:49 =   45.8/s Avg:   639 Min:    98 Max:  3626 Err:     0 (0.00%)
2020-03-12 10:36:00,022 INFO o.a.j.r.Summariser: Generate Summary Results +   1386 in 00:00:30 =   46.2/s Avg:   648 Min:    99 Max:  3426 Err:     0 (0.00%) Active: 30 Started: 30 Finished: 0
2020-03-12 10:36:00,022 INFO o.a.j.r.Summariser: Generate Summary Results =  11904 in 00:04:19 =   45.9/s Avg:   640 Min:    98 Max:  3626 Err:     0 (0.00%)
2020-03-12 10:36:30,034 INFO o.a.j.r.Summariser: Generate Summary Results +   1440 in 00:00:30 =   48.0/s Avg:   624 Min:   103 Max:  2599 Err:     0 (0.00%) Active: 30 Started: 30 Finished: 0
2020-03-12 10:36:30,035 INFO o.a.j.r.Summariser: Generate Summary Results =  13344 in 00:04:49 =   46.1/s Avg:   638 Min:    98 Max:  3626 Err:     0 (0.00%)
2020-03-12 10:37:00,028 INFO o.a.j.r.Summariser: Generate Summary Results +   1431 in 00:00:30 =   47.7/s Avg:   623 Min:   104 Max:  2746 Err:     0 (0.00%) Active: 30 Started: 30 Finished: 0
2020-03-12 10:37:00,029 INFO o.a.j.r.Summariser: Generate Summary Results =  14775 in 00:05:19 =   46.2/s Avg:   637 Min:    98 Max:  3626 Err:     0 (0.00%)
2020-03-12 10:37:30,009 INFO o.a.j.r.Summariser: Generate Summary Results +   1342 in 00:00:30 =   44.8/s Avg:   678 Min:   112 Max:  3152 Err:     0 (0.00%) Active: 30 Started: 30 Finished: 0
2020-03-12 10:37:30,009 INFO o.a.j.r.Summariser: Generate Summary Results =  16117 in 00:05:49 =   46.1/s Avg:   640 Min:    98 Max:  3626 Err:     0 (0.00%)
2020-03-12 10:38:00,012 INFO o.a.j.r.Summariser: Generate Summary Results +   1462 in 00:00:30 =   48.7/s Avg:   615 Min:   101 Max:  4030 Err:     0 (0.00%) Active: 30 Started: 30 Finished: 0
2020-03-12 10:38:00,012 INFO o.a.j.r.Summariser: Generate Summary Results =  17579 in 00:06:19 =   46.3/s Avg:   638 Min:    98 Max:  4030 Err:     0 (0.00%)
2020-03-12 10:38:30,010 INFO o.a.j.r.Summariser: Generate Summary Results +   1471 in 00:00:30 =   49.0/s Avg:   610 Min:   100 Max:  2927 Err:     0 (0.00%) Active: 30 Started: 30 Finished: 0
2020-03-12 10:38:30,010 INFO o.a.j.r.Summariser: Generate Summary Results =  19050 in 00:06:49 =   46.5/s Avg:   636 Min:    98 Max:  4030 Err:     0 (0.00%)
2020-03-12 10:39:00,386 INFO o.a.j.r.Summariser: Generate Summary Results +   1461 in 00:00:30 =   48.1/s Avg:   617 Min:   117 Max:  3516 Err:     0 (0.00%) Active: 30 Started: 30 Finished: 0
2020-03-12 10:39:00,388 INFO o.a.j.r.Summariser: Generate Summary Results =  20511 in 00:07:20 =   46.6/s Avg:   634 Min:    98 Max:  4030 Err:     0 (0.00%)
2020-03-12 10:39:30,169 INFO o.a.j.r.Summariser: Generate Summary Results +   1357 in 00:00:30 =   45.6/s Avg:   662 Min:   103 Max:  3543 Err:     0 (0.00%) Active: 30 Started: 30 Finished: 0
2020-03-12 10:39:30,170 INFO o.a.j.r.Summariser: Generate Summary Results =  21868 in 00:07:50 =   46.6/s Avg:   636 Min:    98 Max:  4030 Err:     0 (0.00%)
2020-03-12 10:40:00,028 INFO o.a.j.r.Summariser: Generate Summary Results +   1412 in 00:00:30 =   47.3/s Avg:   637 Min:   116 Max:  2815 Err:     0 (0.00%) Active: 30 Started: 30 Finished: 0
2020-03-12 10:40:00,029 INFO o.a.j.r.Summariser: Generate Summary Results =  23280 in 00:08:19 =   46.6/s Avg:   636 Min:    98 Max:  4030 Err:     0 (0.00%)
2020-03-12 10:40:30,010 INFO o.a.j.r.Summariser: Generate Summary Results +   1435 in 00:00:30 =   47.9/s Avg:   626 Min:   102 Max:  3124 Err:     0 (0.00%) Active: 30 Started: 30 Finished: 0
2020-03-12 10:40:30,011 INFO o.a.j.r.Summariser: Generate Summary Results =  24715 in 00:08:49 =   46.7/s Avg:   636 Min:    98 Max:  4030 Err:     0 (0.00%)
2020-03-12 10:41:00,002 INFO o.a.j.r.Summariser: Generate Summary Results +   1431 in 00:00:30 =   47.7/s Avg:   629 Min:   100 Max:  4180 Err:     0 (0.00%) Active: 30 Started: 30 Finished: 0
2020-03-12 10:41:00,003 INFO o.a.j.r.Summariser: Generate Summary Results =  26146 in 00:09:19 =   46.7/s Avg:   635 Min:    98 Max:  4180 Err:     0 (0.00%)
2020-03-12 10:41:30,005 INFO o.a.j.r.Summariser: Generate Summary Results +   1272 in 00:00:30 =   42.4/s Avg:   705 Min:   120 Max:  3330 Err:     0 (0.00%) Active: 30 Started: 30 Finished: 0
2020-03-12 10:41:30,007 INFO o.a.j.r.Summariser: Generate Summary Results =  27418 in 00:09:49 =   46.5/s Avg:   638 Min:    98 Max:  4180 Err:     0 (0.00%)
2020-03-12 10:42:00,046 INFO o.a.j.r.Summariser: Generate Summary Results +   1430 in 00:00:30 =   47.6/s Avg:   629 Min:   100 Max:  2818 Err:     0 (0.00%) Active: 30 Started: 30 Finished: 0
2020-03-12 10:42:00,047 INFO o.a.j.r.Summariser: Generate Summary Results =  28848 in 00:10:19 =   46.6/s Avg:   638 Min:    98 Max:  4180 Err:     0 (0.00%)
2020-03-12 10:42:30,046 INFO o.a.j.r.Summariser: Generate Summary Results +   1460 in 00:00:30 =   48.7/s Avg:   611 Min:   107 Max:  3531 Err:     0 (0.00%) Active: 30 Started: 30 Finished: 0
2020-03-12 10:42:30,046 INFO o.a.j.r.Summariser: Generate Summary Results =  30308 in 00:10:49 =   46.7/s Avg:   637 Min:    98 Max:  4180 Err:     0 (0.00%)
2020-03-12 10:42:55,581 INFO o.a.j.g.a.Start: Shutting test down
2020-03-12 10:42:55,596 INFO o.a.j.t.JMeterThread: Stopping: Thread Group 1-22
2020-03-12 10:42:55,596 INFO o.a.j.t.JMeterThread: Stopping: Thread Group 1-24
2020-03-12 10:42:55,597 INFO o.a.j.t.JMeterThread: Stopping: Thread Group 1-10
2020-03-12 10:42:55,597 INFO o.a.j.t.JMeterThread: Stopping: Thread Group 1-30
2020-03-12 10:42:55,597 INFO o.a.j.t.JMeterThread: Stopping: Thread Group 1-8
2020-03-12 10:42:55,597 INFO o.a.j.t.JMeterThread: Stopping: Thread Group 1-19
2020-03-12 10:42:55,597 INFO o.a.j.t.JMeterThread: Stopping: Thread Group 1-29
2020-03-12 10:42:55,597 INFO o.a.j.t.JMeterThread: Stopping: Thread Group 1-27
2020-03-12 10:42:55,597 INFO o.a.j.t.JMeterThread: Stopping: Thread Group 1-20
2020-03-12 10:42:55,597 INFO o.a.j.t.JMeterThread: Stopping: Thread Group 1-4
2020-03-12 10:42:55,597 INFO o.a.j.t.JMeterThread: Stopping: Thread Group 1-13
2020-03-12 10:42:55,597 INFO o.a.j.t.JMeterThread: Stopping: Thread Group 1-14
2020-03-12 10:42:55,597 INFO o.a.j.t.JMeterThread: Stopping: Thread Group 1-1
2020-03-12 10:42:55,597 INFO o.a.j.t.JMeterThread: Stopping: Thread Group 1-21
2020-03-12 10:42:55,597 INFO o.a.j.t.JMeterThread: Stopping: Thread Group 1-7
2020-03-12 10:42:55,597 INFO o.a.j.t.JMeterThread: Stopping: Thread Group 1-16
2020-03-12 10:42:55,597 INFO o.a.j.t.JMeterThread: Stopping: Thread Group 1-5
2020-03-12 10:42:55,598 INFO o.a.j.t.JMeterThread: Stopping: Thread Group 1-17
2020-03-12 10:42:55,598 INFO o.a.j.t.JMeterThread: Stopping: Thread Group 1-6
2020-03-12 10:42:55,598 INFO o.a.j.t.JMeterThread: Stopping: Thread Group 1-11
2020-03-12 10:42:55,598 INFO o.a.j.t.JMeterThread: Stopping: Thread Group 1-28
2020-03-12 10:42:55,598 INFO o.a.j.t.JMeterThread: Stopping: Thread Group 1-9
2020-03-12 10:42:55,598 INFO o.a.j.t.JMeterThread: Stopping: Thread Group 1-12
2020-03-12 10:42:55,598 INFO o.a.j.t.JMeterThread: Stopping: Thread Group 1-18
2020-03-12 10:42:55,598 INFO o.a.j.t.JMeterThread: Stopping: Thread Group 1-26
2020-03-12 10:42:55,598 INFO o.a.j.t.JMeterThread: Stopping: Thread Group 1-23
2020-03-12 10:42:55,598 INFO o.a.j.t.JMeterThread: Stopping: Thread Group 1-2
2020-03-12 10:42:55,598 INFO o.a.j.t.JMeterThread: Stopping: Thread Group 1-25
2020-03-12 10:42:55,598 INFO o.a.j.t.JMeterThread: Stopping: Thread Group 1-3
2020-03-12 10:42:55,598 INFO o.a.j.t.JMeterThread: Stopping: Thread Group 1-15
2020-03-12 10:42:55,630 INFO o.a.j.t.JMeterThread: Thread finished: Thread Group 1-5
2020-03-12 10:42:55,630 INFO o.a.j.t.JMeterThread: Thread finished: Thread Group 1-3
2020-03-12 10:42:55,636 INFO o.a.j.t.JMeterThread: Thread finished: Thread Group 1-29
2020-03-12 10:42:55,644 INFO o.a.j.t.JMeterThread: Thread finished: Thread Group 1-18
2020-03-12 10:42:55,702 INFO o.a.j.t.JMeterThread: Thread finished: Thread Group 1-8
2020-03-12 10:42:55,715 INFO o.a.j.t.JMeterThread: Thread finished: Thread Group 1-13
2020-03-12 10:42:55,731 INFO o.a.j.t.JMeterThread: Thread finished: Thread Group 1-28
2020-03-12 10:42:55,741 INFO o.a.j.t.JMeterThread: Thread finished: Thread Group 1-16
2020-03-12 10:42:55,772 INFO o.a.j.t.JMeterThread: Thread finished: Thread Group 1-15
2020-03-12 10:42:55,772 INFO o.a.j.t.JMeterThread: Thread finished: Thread Group 1-24
2020-03-12 10:42:55,777 INFO o.a.j.t.JMeterThread: Thread finished: Thread Group 1-7
2020-03-12 10:42:55,835 INFO o.a.j.t.JMeterThread: Thread finished: Thread Group 1-12
2020-03-12 10:42:55,836 INFO o.a.j.t.JMeterThread: Thread finished: Thread Group 1-21
2020-03-12 10:42:55,843 INFO o.a.j.t.JMeterThread: Thread finished: Thread Group 1-1
2020-03-12 10:42:55,868 INFO o.a.j.t.JMeterThread: Thread finished: Thread Group 1-23
2020-03-12 10:42:55,918 INFO o.a.j.t.JMeterThread: Thread finished: Thread Group 1-4
2020-03-12 10:42:55,925 INFO o.a.j.t.JMeterThread: Thread finished: Thread Group 1-11
2020-03-12 10:42:55,931 INFO o.a.j.t.JMeterThread: Thread finished: Thread Group 1-20
2020-03-12 10:42:55,942 INFO o.a.j.t.JMeterThread: Thread finished: Thread Group 1-26
2020-03-12 10:42:55,947 INFO o.a.j.t.JMeterThread: Thread finished: Thread Group 1-6
2020-03-12 10:42:55,947 INFO o.a.j.t.JMeterThread: Thread finished: Thread Group 1-9
2020-03-12 10:42:55,968 INFO o.a.j.t.JMeterThread: Thread finished: Thread Group 1-14
2020-03-12 10:42:56,002 INFO o.a.j.t.JMeterThread: Thread finished: Thread Group 1-30
2020-03-12 10:42:56,027 INFO o.a.j.t.JMeterThread: Thread finished: Thread Group 1-22
2020-03-12 10:42:56,027 INFO o.a.j.t.JMeterThread: Thread finished: Thread Group 1-27
2020-03-12 10:42:56,027 INFO o.a.j.t.JMeterThread: Thread finished: Thread Group 1-2
2020-03-12 10:42:56,145 INFO o.a.j.t.JMeterThread: Thread finished: Thread Group 1-25
2020-03-12 10:42:56,217 INFO o.a.j.t.JMeterThread: Thread finished: Thread Group 1-10
2020-03-12 10:42:56,497 INFO o.a.j.t.JMeterThread: Thread finished: Thread Group 1-17
2020-03-12 10:42:56,780 INFO o.a.j.t.JMeterThread: Thread finished: Thread Group 1-19
2020-03-12 10:42:56,781 INFO o.a.j.e.StandardJMeterEngine: Notifying test listeners of end of test
2020-03-12 10:42:56,781 INFO o.a.j.r.Summariser: Generate Summary Results +   1184 in 00:00:27 =   44.3/s Avg:   673 Min:   104 Max:  3258 Err:     0 (0.00%) Active: 0 Started: 30 Finished: 30
2020-03-12 10:42:56,781 INFO o.a.j.r.Summariser: Generate Summary Results =  31492 in 00:11:16 =   46.6/s Avg:   638 Min:    98 Max:  4180 Err:     0 (0.00%)
2020-03-12 10:42:56,782 INFO o.a.j.g.u.JMeterMenuBar: setRunning(false, *local*)
